<?xml version="1.0" encoding="UTF-8"?>
<testng-results ignored="0" total="1" passed="1" failed="0" skipped="0">
  <reporter-output>
  </reporter-output>
  <suite started-at="2021-01-12T22:42:37 EST" name="Smoke Suite" finished-at="2021-01-12T22:42:46 EST" duration-ms="8230">
    <groups>
    </groups>
    <test started-at="2021-01-12T22:42:37 EST" name="Lifeline Service Test" finished-at="2021-01-12T22:42:46 EST" duration-ms="8230">
      <class name="com.assurancewireless.coveragemap.LifeLineServiceTest">
        <test-method is-config="true" signature="setup()[pri:0, instance:com.assurancewireless.coveragemap.LifeLineServiceTest@28b46423]" started-at="2021-01-12T22:42:37 EST" name="setup" finished-at="2021-01-12T22:42:45 EST" duration-ms="7656" status="PASS">
          <reporter-output>
          </reporter-output>
        </test-method> <!-- setup -->
        <test-method signature="Lifelineservice_whatislifelie()[pri:0, instance:com.assurancewireless.coveragemap.LifeLineServiceTest@28b46423]" started-at="2021-01-12T22:42:45 EST" name="Lifelineservice_whatislifelie" finished-at="2021-01-12T22:42:45 EST" duration-ms="246" status="PASS">
          <reporter-output>
          </reporter-output>
        </test-method> <!-- Lifelineservice_whatislifelie -->
        <test-method is-config="true" signature="teardown()[pri:0, instance:com.assurancewireless.coveragemap.LifeLineServiceTest@28b46423]" started-at="2021-01-12T22:42:45 EST" name="teardown" finished-at="2021-01-12T22:42:46 EST" duration-ms="239" status="PASS">
          <reporter-output>
          </reporter-output>
        </test-method> <!-- teardown -->
      </class> <!-- com.assurancewireless.coveragemap.LifeLineServiceTest -->
    </test> <!-- Lifeline Service Test -->
  </suite> <!-- Smoke Suite -->
</testng-results>
